<?xml version="1.0" encoding="UTF-8"?>
<!-- Generated by org.testng.reporters.JUnitReportReporter -->
<testsuite skipped="0" hostname="VHT-HO-LP-227" name="com.qa.vidalhealth.TestScripts.PreAuthMedicalTest" tests="1" failures="0" timestamp="01 Feb 2021 06:04:55 GMT" time="80.112" errors="0">
  <testcase name="ManualPreAuthMedicalTest" time="80.112" classname="com.qa.vidalhealth.TestScripts.PreAuthMedicalTest"/>
</testsuite> <!-- com.qa.vidalhealth.TestScripts.PreAuthMedicalTest -->
