<?xml version="1.0" encoding="UTF-8"?>
<!-- Generated by org.testng.reporters.JUnitReportReporter -->
<testsuite skipped="0" hostname="VHT-HO-LP-227" name="com.qa.vidalhealth.TestScripts.PreauthSupportDocTest" tests="5" failures="0" timestamp="12 Jun 2019 07:24:25 GMT" time="232.223" errors="0">
  <testcase name="PreauthOpenNcloseShortfallTest" time="63.954" classname="com.qa.vidalhealth.TestScripts.PreauthSupportDocTest"/>
  <testcase name="PreauthOpenNRespondShortfallTest" time="52.364" classname="com.qa.vidalhealth.TestScripts.PreauthSupportDocTest"/>
  <testcase name="PreauthOpenNOverrideShortfallTest" time="44.674" classname="com.qa.vidalhealth.TestScripts.PreauthSupportDocTest"/>
  <testcase name="PreauthOpenShortfallTest" time="39.054" classname="com.qa.vidalhealth.TestScripts.PreauthSupportDocTest"/>
  <testcase name="PreauthMultipleOpenShortfallTest" time="32.177" classname="com.qa.vidalhealth.TestScripts.PreauthSupportDocTest"/>
</testsuite> <!-- com.qa.vidalhealth.TestScripts.PreauthSupportDocTest -->
