<?xml version="1.0" encoding="UTF-8"?>
<!-- Generated by org.testng.reporters.JUnitReportReporter -->
<testsuite skipped="0" hostname="VHT-HO-LP-227" name="com.qa.vidalhealth.sendMailWithAttachment.MyTestClass2" tests="1" failures="0" timestamp="23 Apr 2021 08:12:54 GMT" time="0.012" errors="0">
  <testcase name="myTestMethod3" time="0.012" classname="com.qa.vidalhealth.sendMailWithAttachment.MyTestClass2"/>
</testsuite> <!-- com.qa.vidalhealth.sendMailWithAttachment.MyTestClass2 -->
