<?xml version="1.0" encoding="UTF-8"?>
<!-- Generated by org.testng.reporters.JUnitReportReporter -->
<testsuite skipped="6" hostname="VHT-HO-LP-227" name="com.qa.vidalhealth.TestScripts.PreauthAuthorisationTest" tests="7" failures="0" timestamp="05 Mar 2020 09:36:03 GMT" time="107.391" errors="0">
  <testcase name="approve_PreauthAuthorisationTest" time="107.391" classname="com.qa.vidalhealth.TestScripts.PreauthAuthorisationTest"/>
  <testcase name="requiredInformation_PreauthAuthorisationTest" classname="com.qa.vidalhealth.TestScripts.PreauthAuthorisationTest">
    <skipped/>
  </testcase> <!-- requiredInformation_PreauthAuthorisationTest -->
  <testcase name="requiredInformation_PreauthAuthorisationTest" classname="com.qa.vidalhealth.TestScripts.PreauthAuthorisationTest">
    <skipped/>
  </testcase> <!-- requiredInformation_PreauthAuthorisationTest -->
  <testcase name="approve_PreauthAuthorisationTest_withoutResolveDiscrepancies" classname="com.qa.vidalhealth.TestScripts.PreauthAuthorisationTest">
    <skipped/>
  </testcase> <!-- approve_PreauthAuthorisationTest_withoutResolveDiscrepancies -->
  <testcase name="approve_PreauthAuthorisationTest_withoutResolveDiscrepancies" classname="com.qa.vidalhealth.TestScripts.PreauthAuthorisationTest">
    <skipped/>
  </testcase> <!-- approve_PreauthAuthorisationTest_withoutResolveDiscrepancies -->
  <testcase name="reject_PreauthAuthorisationTest" classname="com.qa.vidalhealth.TestScripts.PreauthAuthorisationTest">
    <skipped/>
  </testcase> <!-- reject_PreauthAuthorisationTest -->
  <testcase name="reject_PreauthAuthorisationTest" classname="com.qa.vidalhealth.TestScripts.PreauthAuthorisationTest">
    <skipped/>
  </testcase> <!-- reject_PreauthAuthorisationTest -->
</testsuite> <!-- com.qa.vidalhealth.TestScripts.PreauthAuthorisationTest -->
