<?xml version="1.0" encoding="UTF-8"?>
<!-- Generated by org.testng.reporters.JUnitReportReporter -->
<testsuite skipped="0" hostname="VHT-HO-LP-227" name="com.qa.vidalhealth.sendMailWithAttachment.TestngAnnotaions" tests="2" failures="0" timestamp="03 Mar 2020 05:44:09 GMT" time="0.031" errors="0">
  <testcase name="testCase1" time="0.015" classname="com.qa.vidalhealth.sendMailWithAttachment.TestngAnnotaions"/>
  <testcase name="testCase2" time="0.016" classname="com.qa.vidalhealth.sendMailWithAttachment.TestngAnnotaions"/>
</testsuite> <!-- com.qa.vidalhealth.sendMailWithAttachment.TestngAnnotaions -->
