<?xml version="1.0" encoding="UTF-8"?>
<!-- Generated by org.testng.reporters.JUnitReportReporter -->
<testsuite skipped="0" hostname="VHT-HO-LP-227" name="com.qa.vidalhealth.TestScripts.RegularPreAuthGEDTest" tests="1" failures="0" timestamp="01 Feb 2021 06:03:09 GMT" time="237.640" errors="0">
  <testcase name="preauthGEDTest" time="237.640" classname="com.qa.vidalhealth.TestScripts.RegularPreAuthGEDTest"/>
</testsuite> <!-- com.qa.vidalhealth.TestScripts.RegularPreAuthGEDTest -->
