<?xml version="1.0" encoding="UTF-8"?>
<!-- Generated by org.testng.reporters.JUnitReportReporter -->
<testsuite skipped="0" hostname="VHT-HO-LP-227" name="com.qa.vidalhealth.TestScripts.EnhancePreAuthTest" tests="1" failures="0" timestamp="05 Mar 2020 09:36:04 GMT" time="120.946" errors="0">
  <testcase name="EnhancePreAuthTest" time="120.946" classname="com.qa.vidalhealth.TestScripts.EnhancePreAuthTest"/>
</testsuite> <!-- com.qa.vidalhealth.TestScripts.EnhancePreAuthTest -->
