<?xml version="1.0" encoding="UTF-8"?>
<!-- Generated by org.testng.reporters.JUnitReportReporter -->
<testsuite skipped="1" hostname="VHT-HO-LP-227" name="com.qa.vidalhealth.TestScripts.ManualPreauthorizationGEDTest" tests="1" failures="0" timestamp="26 Aug 2019 09:46:32 GMT" time="0.000" errors="0">
  <testcase name="manualPreauthorizationTest" time="0.000" classname="com.qa.vidalhealth.TestScripts.ManualPreauthorizationGEDTest">
    <skipped/>
  </testcase> <!-- manualPreauthorizationTest -->
</testsuite> <!-- com.qa.vidalhealth.TestScripts.ManualPreauthorizationGEDTest -->
