<?xml version="1.0" encoding="UTF-8"?>
<!-- Generated by org.testng.reporters.JUnitReportReporter -->
<testsuite skipped="1" hostname="VHT-HO-LP-227" name="com.qa.vidalhealth.TestScripts.CCTest" tests="1" failures="0" timestamp="28 May 2019 06:57:31 GMT" time="0.000" errors="0">
  <testcase name="ManualPreAuthMedicalTest" time="0.000" classname="com.qa.vidalhealth.TestScripts.CCTest">
    <skipped/>
  </testcase> <!-- ManualPreAuthMedicalTest -->
</testsuite> <!-- com.qa.vidalhealth.TestScripts.CCTest -->
