<?xml version="1.0" encoding="UTF-8"?>
<!-- Generated by org.testng.reporters.JUnitReportReporter -->
<testsuite skipped="0" hostname="VHT-HO-LP-227" name="com.qa.vidalhealth.TestScripts.DDPreauthTariffTest" tests="1" failures="0" timestamp="28 May 2019 06:31:31 GMT" time="40.297" errors="0">
  <testcase name="PreauthTariffTest" time="40.297" classname="com.qa.vidalhealth.TestScripts.DDPreauthTariffTest"/>
</testsuite> <!-- com.qa.vidalhealth.TestScripts.DDPreauthTariffTest -->
