<?xml version="1.0" encoding="UTF-8"?>
<!-- Generated by org.testng.reporters.JUnitReportReporter -->
<testsuite skipped="4" hostname="VHT-HO-LP-227" name="com.qa.vidalhealth.TestScripts.EETest" tests="4" failures="0" timestamp="28 May 2019 06:57:31 GMT" time="0.000" errors="0">
  <testcase name="reject_PreauthAuthorisationTest" time="0.000" classname="com.qa.vidalhealth.TestScripts.EETest">
    <skipped/>
  </testcase> <!-- reject_PreauthAuthorisationTest -->
  <testcase name="approve_PreauthAuthorisationTest_withResolveDiscrepancies" time="0.000" classname="com.qa.vidalhealth.TestScripts.EETest">
    <skipped/>
  </testcase> <!-- approve_PreauthAuthorisationTest_withResolveDiscrepancies -->
  <testcase name="approve_PreauthAuthorisationTest_withoutResolveDiscrepancies" time="0.000" classname="com.qa.vidalhealth.TestScripts.EETest">
    <skipped/>
  </testcase> <!-- approve_PreauthAuthorisationTest_withoutResolveDiscrepancies -->
  <testcase name="requiredInformation_PreauthAuthorisationTest" time="0.000" classname="com.qa.vidalhealth.TestScripts.EETest">
    <skipped/>
  </testcase> <!-- requiredInformation_PreauthAuthorisationTest -->
</testsuite> <!-- com.qa.vidalhealth.TestScripts.EETest -->
