<?xml version="1.0" encoding="UTF-8"?>
<!-- Generated by org.testng.reporters.JUnitReportReporter -->
<testsuite skipped="0" hostname="VHT-HO-LP-227" name="com.qa.vidalhealth.TestScripts.AAManualCaseAssignmentTest" tests="1" failures="0" timestamp="28 May 2019 06:31:31 GMT" time="42.171" errors="0">
  <testcase name="manualCaseAssignmentTest" time="42.171" classname="com.qa.vidalhealth.TestScripts.AAManualCaseAssignmentTest"/>
</testsuite> <!-- com.qa.vidalhealth.TestScripts.AAManualCaseAssignmentTest -->
