<?xml version="1.0" encoding="UTF-8"?>
<!-- Generated by org.testng.reporters.JUnitReportReporter -->
<testsuite skipped="6" hostname="VHT-HO-LP-227" name="com.qa.vidalhealth.TestScripts.PreauthSupportDocShortfallTest" tests="6" failures="0" timestamp="05 Mar 2020 09:36:04 GMT" time="0.000" errors="0">
  <testcase name="closeShortfallTest" time="0.000" classname="com.qa.vidalhealth.TestScripts.PreauthSupportDocShortfallTest">
    <skipped/>
  </testcase> <!-- closeShortfallTest -->
  <testcase name="PreauthOpenNcloseShortfallTest" time="0.000" classname="com.qa.vidalhealth.TestScripts.PreauthSupportDocShortfallTest">
    <skipped/>
  </testcase> <!-- PreauthOpenNcloseShortfallTest -->
  <testcase name="PreauthMultipleOpenShortfallTest" time="0.000" classname="com.qa.vidalhealth.TestScripts.PreauthSupportDocShortfallTest">
    <skipped/>
  </testcase> <!-- PreauthMultipleOpenShortfallTest -->
  <testcase name="PreauthOpenNRespondShortfallTest" time="0.000" classname="com.qa.vidalhealth.TestScripts.PreauthSupportDocShortfallTest">
    <skipped/>
  </testcase> <!-- PreauthOpenNRespondShortfallTest -->
  <testcase name="PreauthOpenNOverrideShortfallTest" time="0.000" classname="com.qa.vidalhealth.TestScripts.PreauthSupportDocShortfallTest">
    <skipped/>
  </testcase> <!-- PreauthOpenNOverrideShortfallTest -->
  <testcase name="PreauthOpenShortfallTest" time="0.000" classname="com.qa.vidalhealth.TestScripts.PreauthSupportDocShortfallTest">
    <skipped/>
  </testcase> <!-- PreauthOpenShortfallTest -->
</testsuite> <!-- com.qa.vidalhealth.TestScripts.PreauthSupportDocShortfallTest -->
