<?xml version="1.0" encoding="UTF-8"?>
<!-- Generated by org.testng.reporters.JUnitReportReporter -->
<testsuite skipped="0" hostname="VHT-HO-LP-227" name="com.qa.vidalhealth.sendMailWithAttachment.MyTestClass1" tests="2" failures="0" timestamp="23 Apr 2021 08:12:54 GMT" time="0.015" errors="0">
  <testcase name="myTestMethod1" time="0.011" classname="com.qa.vidalhealth.sendMailWithAttachment.MyTestClass1"/>
  <testcase name="myTestMethod1" time="0.004" classname="com.qa.vidalhealth.sendMailWithAttachment.MyTestClass1"/>
</testsuite> <!-- com.qa.vidalhealth.sendMailWithAttachment.MyTestClass1 -->
